2021-05-05 02:38:00,408:ERROR:000002
2021-05-05 02:38:00,408:ERROR:SyntaxError: Line 1: Unexpected token <
2021-05-05 02:38:11,738:ERROR:000009
2021-05-05 02:38:11,738:ERROR:ReferenceError: Data_ACWorthTrend is not defined
2021-05-05 02:38:13,426:ERROR:000010
2021-05-05 02:38:13,426:ERROR:ReferenceError: Data_ACWorthTrend is not defined
2021-05-05 02:38:16,876:ERROR:000012
2021-05-05 02:38:16,876:ERROR:SyntaxError: Line 1: Unexpected token <
2021-05-05 02:38:18,651:ERROR:000013
2021-05-05 02:38:18,651:ERROR:ReferenceError: Data_ACWorthTrend is not defined
2021-05-05 02:38:33,246:ERROR:000024
2021-05-05 02:38:33,246:ERROR:("Connection broken: ConnectionResetError(104, 'Connection reset by peer')", ConnectionResetError(104, 'Connection reset by peer'))
2021-05-05 02:38:50,699:ERROR:000039
2021-05-05 02:38:50,700:ERROR:("Connection broken: ConnectionResetError(104, 'Connection reset by peer')", ConnectionResetError(104, 'Connection reset by peer'))
2021-05-05 02:39:05,192:ERROR:000047
2021-05-05 02:39:05,193:ERROR:("Connection broken: ConnectionResetError(104, 'Connection reset by peer')", ConnectionResetError(104, 'Connection reset by peer'))
2021-05-05 02:39:56,538:ERROR:000076
2021-05-05 02:39:56,539:ERROR:Length mismatch: Expected axis has 0 elements, new values have 3 elements
2021-05-05 02:40:02,536:ERROR:000081
2021-05-05 02:40:02,536:ERROR:("Connection broken: ConnectionResetError(104, 'Connection reset by peer')", ConnectionResetError(104, 'Connection reset by peer'))
2021-05-05 02:40:10,430:ERROR:000085
2021-05-05 02:40:10,430:ERROR:("Connection broken: ConnectionResetError(104, 'Connection reset by peer')", ConnectionResetError(104, 'Connection reset by peer'))
2021-05-05 02:40:13,695:ERROR:000087
2021-05-05 02:40:13,695:ERROR:("Connection broken: ConnectionResetError(104, 'Connection reset by peer')", ConnectionResetError(104, 'Connection reset by peer'))
2021-05-05 02:40:21,549:ERROR:000105
2021-05-05 02:40:21,550:ERROR:("Connection broken: ConnectionResetError(104, 'Connection reset by peer')", ConnectionResetError(104, 'Connection reset by peer'))
2021-05-05 02:43:56,400:ERROR:000002
2021-05-05 02:43:56,400:ERROR:SyntaxError: Line 1: Unexpected token <
2021-05-05 02:44:07,217:ERROR:000009
2021-05-05 02:44:07,217:ERROR:ReferenceError: Data_ACWorthTrend is not defined
2021-05-05 02:44:09,040:ERROR:000010
2021-05-05 02:44:09,040:ERROR:ReferenceError: Data_ACWorthTrend is not defined
2021-05-05 02:44:12,681:ERROR:000012
2021-05-05 02:44:12,681:ERROR:SyntaxError: Line 1: Unexpected token <
2021-05-05 02:44:14,366:ERROR:000013
2021-05-05 02:44:14,366:ERROR:ReferenceError: Data_ACWorthTrend is not defined
2021-05-05 02:46:12,230:ERROR:000076
2021-05-05 02:46:12,230:ERROR:Length mismatch: Expected axis has 0 elements, new values have 3 elements
2021-05-05 02:46:53,302:ERROR:000108
2021-05-05 02:46:53,302:ERROR:SyntaxError: Line 1: Unexpected token <
2021-05-05 02:47:10,134:ERROR:000114
2021-05-05 02:47:10,135:ERROR:SyntaxError: Line 1: Unexpected token <
2021-05-05 02:48:10,329:ERROR:000140
2021-05-05 02:48:10,329:ERROR:SyntaxError: Line 1: Unexpected token <
2021-05-05 02:51:04,982:ERROR:000002
2021-05-05 02:51:04,983:ERROR:SyntaxError: Line 1: Unexpected token <
2021-05-05 02:51:19,538:ERROR:000009
2021-05-05 02:51:19,538:ERROR:ReferenceError: Data_ACWorthTrend is not defined
2021-05-05 02:51:42,955:ERROR:000001
2021-05-05 02:51:42,956:ERROR:("Connection broken: ConnectionResetError(104, 'Connection reset by peer')", ConnectionResetError(104, 'Connection reset by peer'))
2021-05-05 02:51:43,593:ERROR:000002
2021-05-05 02:51:43,593:ERROR:SyntaxError: Line 1: Unexpected token <
2021-05-05 02:52:37,401:ERROR:000002
2021-05-05 02:52:37,402:ERROR:SyntaxError: Line 1: Unexpected token <
2021-05-05 02:52:53,100:ERROR:000009
2021-05-05 02:52:53,100:ERROR:ReferenceError: Data_ACWorthTrend is not defined
2021-05-05 02:52:54,866:ERROR:000010
2021-05-05 02:52:54,866:ERROR:ReferenceError: Data_ACWorthTrend is not defined
2021-05-05 02:53:00,448:ERROR:000012
2021-05-05 02:53:00,448:ERROR:SyntaxError: Line 1: Unexpected token <
2021-05-05 02:53:02,101:ERROR:000013
2021-05-05 02:53:02,101:ERROR:ReferenceError: Data_ACWorthTrend is not defined
2021-05-05 02:53:39,583:ERROR:000002
2021-05-05 02:53:39,584:ERROR:SyntaxError: Line 1: Unexpected token <
2021-05-05 02:53:50,087:ERROR:000009
2021-05-05 02:53:50,087:ERROR:ReferenceError: Data_ACWorthTrend is not defined
2021-05-05 02:53:51,924:ERROR:000010
2021-05-05 02:53:51,924:ERROR:ReferenceError: Data_ACWorthTrend is not defined
2021-05-05 02:53:55,218:ERROR:000012
2021-05-05 02:53:55,218:ERROR:SyntaxError: Line 1: Unexpected token <
2021-05-05 02:53:56,908:ERROR:000013
2021-05-05 02:53:56,908:ERROR:ReferenceError: Data_ACWorthTrend is not defined
